ZFSA_USAGE[ZFSACTL1.pools]="ZFS_POOL1,ZFS_POOL2"
ZFSA_USAGE[ZFSACTL1.ZFS_POOL1.projects]="MYDB1,MYDB2,ORCLCDB"
ZFSA_USAGE[ZFSACTL1.ZFS_POOL2.projects]="MYDB1,MYDB3,ORCLCDB"
ZFSA_USAGE[ZFSACTL1.projects]="MYDB1,MYDB2,ORCLCDB,MYDB3"
ZFSA_USAGE[ZFSACTL1.activity.cpu]=14
ZFSA_USAGE[ZFSACTL1.activity.io]=65
ZFSA_USAGE[ZFSACTL1.activity.nfs]=0
ZFSA_USAGE[ZFSACTL1.activity.nic]=0
ZFSA_USAGE[ZFSACTL1.ZFS_POOL1.used]=5940000000
ZFSA_USAGE[ZFSACTL1.ZFS_POOL1.avail]=8740000000
ZFSA_USAGE[ZFSACTL1.ZFS_POOL1.total]=14680000000
ZFSA_USAGE[ZFSACTL1.ZFS_POOL2.used]=253000
ZFSA_USAGE[ZFSACTL1.ZFS_POOL2.avail]=14700000000
ZFSA_USAGE[ZFSACTL1.ZFS_POOL2.total]=14700253000
ZFSA_USAGE[ZFSACTL1.ZFS_POOL1.MYDB1.used_data]=5930000000
ZFSA_USAGE[ZFSACTL1.ZFS_POOL1.MYDB1.used_snapshot]=1000
ZFSA_USAGE[ZFSACTL1.ZFS_POOL1.MYDB1.used_total]=5930000000
ZFSA_USAGE[ZFSACTL1.ZFS_POOL1.MYDB2.used_data]=31000
ZFSA_USAGE[ZFSACTL1.ZFS_POOL1.MYDB2.used_snapshot]=0
ZFSA_USAGE[ZFSACTL1.ZFS_POOL1.MYDB2.used_total]=31000
ZFSA_USAGE[ZFSACTL1.ZFS_POOL1.ORCLCDB.used_data]=102000
ZFSA_USAGE[ZFSACTL1.ZFS_POOL1.ORCLCDB.used_snapshot]=20000
ZFSA_USAGE[ZFSACTL1.ZFS_POOL1.ORCLCDB.used_total]=122000
ZFSA_USAGE[ZFSACTL1.ZFS_POOL1.MYDB3.used_data]=-1
ZFSA_USAGE[ZFSACTL1.ZFS_POOL1.MYDB3.used_snapshot]=-1
ZFSA_USAGE[ZFSACTL1.ZFS_POOL1.MYDB3.used_total]=-1
ZFSA_USAGE[ZFSACTL1.ZFS_POOL2.MYDB1.used_data]=93000
ZFSA_USAGE[ZFSACTL1.ZFS_POOL2.MYDB1.used_snapshot]=2000
ZFSA_USAGE[ZFSACTL1.ZFS_POOL2.MYDB1.used_total]=93000
ZFSA_USAGE[ZFSACTL1.ZFS_POOL2.MYDB2.used_data]=-1
ZFSA_USAGE[ZFSACTL1.ZFS_POOL2.MYDB2.used_snapshot]=-1
ZFSA_USAGE[ZFSACTL1.ZFS_POOL2.MYDB2.used_total]=-1
ZFSA_USAGE[ZFSACTL1.ZFS_POOL2.ORCLCDB.used_data]=98000
ZFSA_USAGE[ZFSACTL1.ZFS_POOL2.ORCLCDB.used_snapshot]=0
ZFSA_USAGE[ZFSACTL1.ZFS_POOL2.ORCLCDB.used_total]=98000
ZFSA_USAGE[ZFSACTL1.ZFS_POOL2.MYDB3.used_data]=31000
ZFSA_USAGE[ZFSACTL1.ZFS_POOL2.MYDB3.used_snapshot]=0
ZFSA_USAGE[ZFSACTL1.ZFS_POOL2.MYDB3.used_total]=31000
ZFSA_USAGE[ZFSACTL2.pools]="ZFS_POOL3,ZFS_POOL4"
ZFSA_USAGE[ZFSACTL2.ZFS_POOL3.projects]="MYDB1,MYDB2,ORCLCDB"
ZFSA_USAGE[ZFSACTL2.ZFS_POOL4.projects]="MYDB1,MYDB3,ORCLCDB"
ZFSA_USAGE[ZFSACTL2.projects]="MYDB1,MYDB2,ORCLCDB,MYDB3"
ZFSA_USAGE[ZFSACTL2.activity.cpu]=15
ZFSA_USAGE[ZFSACTL2.activity.io]=66
ZFSA_USAGE[ZFSACTL2.activity.nfs]=0
ZFSA_USAGE[ZFSACTL2.activity.nic]=0
ZFSA_USAGE[ZFSACTL2.ZFS_POOL3.used]=5940000000
ZFSA_USAGE[ZFSACTL2.ZFS_POOL3.avail]=8740000000
ZFSA_USAGE[ZFSACTL2.ZFS_POOL3.total]=14680000000
ZFSA_USAGE[ZFSACTL2.ZFS_POOL4.used]=253000
ZFSA_USAGE[ZFSACTL2.ZFS_POOL4.avail]=14700000000
ZFSA_USAGE[ZFSACTL2.ZFS_POOL4.total]=14700253000
ZFSA_USAGE[ZFSACTL2.ZFS_POOL3.MYDB1.used_data]=5930000000
ZFSA_USAGE[ZFSACTL2.ZFS_POOL3.MYDB1.used_snapshot]=3000
ZFSA_USAGE[ZFSACTL2.ZFS_POOL3.MYDB1.used_total]=5930000000
ZFSA_USAGE[ZFSACTL2.ZFS_POOL3.MYDB2.used_data]=31000
ZFSA_USAGE[ZFSACTL2.ZFS_POOL3.MYDB2.used_snapshot]=0
ZFSA_USAGE[ZFSACTL2.ZFS_POOL3.MYDB2.used_total]=31000
ZFSA_USAGE[ZFSACTL2.ZFS_POOL3.ORCLCDB.used_data]=102000
ZFSA_USAGE[ZFSACTL2.ZFS_POOL3.ORCLCDB.used_snapshot]=20000
ZFSA_USAGE[ZFSACTL2.ZFS_POOL3.ORCLCDB.used_total]=122000
ZFSA_USAGE[ZFSACTL2.ZFS_POOL3.MYDB3.used_data]=-1
ZFSA_USAGE[ZFSACTL2.ZFS_POOL3.MYDB3.used_snapshot]=-1
ZFSA_USAGE[ZFSACTL2.ZFS_POOL3.MYDB3.used_total]=-1
ZFSA_USAGE[ZFSACTL2.ZFS_POOL4.MYDB1.used_data]=93000
ZFSA_USAGE[ZFSACTL2.ZFS_POOL4.MYDB1.used_snapshot]=4000
ZFSA_USAGE[ZFSACTL2.ZFS_POOL4.MYDB1.used_total]=93000
ZFSA_USAGE[ZFSACTL2.ZFS_POOL4.MYDB2.used_data]=-1
ZFSA_USAGE[ZFSACTL2.ZFS_POOL4.MYDB2.used_snapshot]=-1
ZFSA_USAGE[ZFSACTL2.ZFS_POOL4.MYDB2.used_total]=-1
ZFSA_USAGE[ZFSACTL2.ZFS_POOL4.ORCLCDB.used_data]=98000
ZFSA_USAGE[ZFSACTL2.ZFS_POOL4.ORCLCDB.used_snapshot]=0
ZFSA_USAGE[ZFSACTL2.ZFS_POOL4.ORCLCDB.used_total]=98000
ZFSA_USAGE[ZFSACTL2.ZFS_POOL4.MYDB3.used_data]=31000
ZFSA_USAGE[ZFSACTL2.ZFS_POOL4.MYDB3.used_snapshot]=0
ZFSA_USAGE[ZFSACTL2.ZFS_POOL4.MYDB3.used_total]=31000
